[debug] [2026-02-27T15:11:27.046Z] [Firebase Plugin] Activating Firebase extension.
[debug] [2026-02-27T15:11:47.074Z] [Firebase Plugin] requireAuthWrapper
[debug] [2026-02-27T15:11:47.078Z] > command requires scopes: ["email","openid","https://www.googleapis.com/auth/cloudplatformprojects.readonly","https://www.googleapis.com/auth/firebase","https://www.googleapis.com/auth/cloud-platform"]
[debug] [2026-02-27T15:11:47.718Z] [Firebase Plugin] VSCode notification server listening on port 40001
[error] [Firebase Plugin] requireAuth error: Could not load the default credentials. Browse to https://cloud.google.com/docs/authentication/getting-started for more information.
[info] [Firebase Plugin] Starting Data Connect toolkit (version 3.1.4) on port 50001
[info] i  dataconnect: downloading dataconnect-emulator-3.1.4.exe... {"metadata":{"emulator":{"name":"dataconnect"},"message":"downloading dataconnect-emulator-3.1.4.exe..."}}
[debug] [2026-02-27T15:12:16.783Z] >>> [apiv2][query] GET https://storage.googleapis.com/firemat-preview-drop/emulator/dataconnect-emulator-windows-amd64-v3.1.4 
[debug] [2026-02-27T15:12:18.254Z] <<< [apiv2][status] GET https://storage.googleapis.com/firemat-preview-drop/emulator/dataconnect-emulator-windows-amd64-v3.1.4 200
[debug] [2026-02-27T15:12:18.261Z] <<< [apiv2][body] GET https://storage.googleapis.com/firemat-preview-drop/emulator/dataconnect-emulator-windows-amd64-v3.1.4 [stream]
[debug] [2026-02-27T15:12:56.302Z] 'fdc build' failed with error: Unable to build your Data Connect schema and connectors (exit code 1): E0227 23:12:56.012805   15956 cmd.go:43] Error loading data connect config: could not find dataconnect.yaml in `c:\Users\ADMIN\Documents\GitHub\kasu\dataconnect`
 {"metadata":{"emulator":{"name":"dataconnect"},"message":"'fdc build' failed with error: Unable to build your Data Connect schema and connectors (exit code 1): E0227 23:12:56.012805   15956 cmd.go:43] Error loading data connect config: could not find dataconnect.yaml in `c:\\Users\\ADMIN\\Documents\\GitHub\\kasu\\dataconnect`\n"}}
[debug] [2026-02-27T15:12:56.305Z] Ignoring unsupported arg: auto_download {"metadata":{"emulator":{"name":"dataconnect"},"message":"Ignoring unsupported arg: auto_download"}}
[debug] [2026-02-27T15:12:56.306Z] Ignoring unsupported arg: port {"metadata":{"emulator":{"name":"dataconnect"},"message":"Ignoring unsupported arg: port"}}
[debug] [2026-02-27T15:12:56.309Z] Starting Data Connect Emulator with command {"binary":"C:\\Users\\ADMIN\\.cache\\firebase\\emulators\\dataconnect-emulator-3.1.4.exe","args":["--logtostderr","-v=2","dev","--listen=localhost:50001","--config_dir=c:\\Users\\ADMIN\\Documents\\GitHub\\kasu\\dataconnect","--enable_output_schema_extensions=true","--enable_output_generated_sdk=true"],"optionalArgs":["listen","config_dir","enable_output_schema_extensions","enable_output_generated_sdk"],"joinArgs":true,"shell":false,"port":9399} {"metadata":{"emulator":{"name":"dataconnect"},"message":"Starting Data Connect Emulator with command {\"binary\":\"C:\\\\Users\\\\ADMIN\\\\.cache\\\\firebase\\\\emulators\\\\dataconnect-emulator-3.1.4.exe\",\"args\":[\"--logtostderr\",\"-v=2\",\"dev\",\"--listen=localhost:50001\",\"--config_dir=c:\\\\Users\\\\ADMIN\\\\Documents\\\\GitHub\\\\kasu\\\\dataconnect\",\"--enable_output_schema_extensions=true\",\"--enable_output_generated_sdk=true\"],\"optionalArgs\":[\"listen\",\"config_dir\",\"enable_output_schema_extensions\",\"enable_output_generated_sdk\"],\"joinArgs\":true,\"shell\":false,\"port\":9399}"}}
[info] i  dataconnect: Data Connect Emulator logging to dataconnect-debug.log {"metadata":{"emulator":{"name":"dataconnect"},"message":"Data Connect Emulator logging to \u001b[1mdataconnect-debug.log\u001b[22m"}}
[debug] [2026-02-27T15:12:56.766Z] E0227 23:12:56.594744    1444 dev.go:83] Failed to load initial config from "c:\\Users\\ADMIN\\Documents\\GitHub\\kasu\\dataconnect": could not find dataconnect.yaml in `c:\Users\ADMIN\Documents\GitHub\kasu\dataconnect`
 {"metadata":{"emulator":{"name":"dataconnect"},"message":"E0227 23:12:56.594744    1444 dev.go:83] Failed to load initial config from \"c:\\\\Users\\\\ADMIN\\\\Documents\\\\GitHub\\\\kasu\\\\dataconnect\": could not find dataconnect.yaml in `c:\\Users\\ADMIN\\Documents\\GitHub\\kasu\\dataconnect`\n"}}
[debug] [2026-02-27T15:12:56.773Z] E0227 23:12:56.773040    1444 watch.go:116] watchAllDir unable to walk dir `c:\Users\ADMIN\Documents\GitHub\kasu\dataconnect`: CreateFile c:\Users\ADMIN\Documents\GitHub\kasu\dataconnect: The system cannot find the file specified.
 {"metadata":{"emulator":{"name":"dataconnect"},"message":"E0227 23:12:56.773040    1444 watch.go:116] watchAllDir unable to walk dir `c:\\Users\\ADMIN\\Documents\\GitHub\\kasu\\dataconnect`: CreateFile c:\\Users\\ADMIN\\Documents\\GitHub\\kasu\\dataconnect: The system cannot find the file specified.\n"}}
[debug] [2026-02-27T15:12:56.817Z] I0227 23:12:56.817832    1444 dev.go:104] Listening on address (HTTP + gRPC): 127.0.0.1:50001
 {"metadata":{"emulator":{"name":"dataconnect"},"message":"I0227 23:12:56.817832    1444 dev.go:104] Listening on address (HTTP + gRPC): 127.0.0.1:50001\n"}}
[error] [Firebase Plugin] error:  {}
[debug] [2026-02-27T15:13:06.774Z] E0227 23:13:06.774459    1444 watch.go:40] Failed to load config from "c:\\Users\\ADMIN\\Documents\\GitHub\\kasu\\dataconnect": could not find dataconnect.yaml in `c:\Users\ADMIN\Documents\GitHub\kasu\dataconnect`
 {"metadata":{"emulator":{"name":"dataconnect"},"message":"E0227 23:13:06.774459    1444 watch.go:40] Failed to load config from \"c:\\\\Users\\\\ADMIN\\\\Documents\\\\GitHub\\\\kasu\\\\dataconnect\": could not find dataconnect.yaml in `c:\\Users\\ADMIN\\Documents\\GitHub\\kasu\\dataconnect`\n"}}
[debug] [2026-02-27T15:13:16.775Z] E0227 23:13:16.775969    1444 watch.go:40] Failed to load config from "c:\\Users\\ADMIN\\Documents\\GitHub\\kasu\\dataconnect": could not find dataconnect.yaml in `c:\Users\ADMIN\Documents\GitHub\kasu\dataconnect`
 {"metadata":{"emulator":{"name":"dataconnect"},"message":"E0227 23:13:16.775969    1444 watch.go:40] Failed to load config from \"c:\\\\Users\\\\ADMIN\\\\Documents\\\\GitHub\\\\kasu\\\\dataconnect\": could not find dataconnect.yaml in `c:\\Users\\ADMIN\\Documents\\GitHub\\kasu\\dataconnect`\n"}}
[debug] [2026-02-27T15:13:26.788Z] E0227 23:13:26.788926    1444 watch.go:40] Failed to load config from "c:\\Users\\ADMIN\\Documents\\GitHub\\kasu\\dataconnect": could not find dataconnect.yaml in `c:\Users\ADMIN\Documents\GitHub\kasu\dataconnect`
 {"metadata":{"emulator":{"name":"dataconnect"},"message":"E0227 23:13:26.788926    1444 watch.go:40] Failed to load config from \"c:\\\\Users\\\\ADMIN\\\\Documents\\\\GitHub\\\\kasu\\\\dataconnect\": could not find dataconnect.yaml in `c:\\Users\\ADMIN\\Documents\\GitHub\\kasu\\dataconnect`\n"}}
[debug] [2026-02-27T15:13:36.785Z] E0227 23:13:36.784833    1444 watch.go:40] Failed to load config from "c:\\Users\\ADMIN\\Documents\\GitHub\\kasu\\dataconnect": could not find dataconnect.yaml in `c:\Users\ADMIN\Documents\GitHub\kasu\dataconnect`
 {"metadata":{"emulator":{"name":"dataconnect"},"message":"E0227 23:13:36.784833    1444 watch.go:40] Failed to load config from \"c:\\\\Users\\\\ADMIN\\\\Documents\\\\GitHub\\\\kasu\\\\dataconnect\": could not find dataconnect.yaml in `c:\\Users\\ADMIN\\Documents\\GitHub\\kasu\\dataconnect`\n"}}
[debug] [2026-02-27T15:13:46.775Z] E0227 23:13:46.775310    1444 watch.go:40] Failed to load config from "c:\\Users\\ADMIN\\Documents\\GitHub\\kasu\\dataconnect": could not find dataconnect.yaml in `c:\Users\ADMIN\Documents\GitHub\kasu\dataconnect`
 {"metadata":{"emulator":{"name":"dataconnect"},"message":"E0227 23:13:46.775310    1444 watch.go:40] Failed to load config from \"c:\\\\Users\\\\ADMIN\\\\Documents\\\\GitHub\\\\kasu\\\\dataconnect\": could not find dataconnect.yaml in `c:\\Users\\ADMIN\\Documents\\GitHub\\kasu\\dataconnect`\n"}}
[debug] [2026-02-27T15:13:56.877Z] E0227 23:13:56.826218    1444 watch.go:116] watchAllDir unable to walk dir `c:\Users\ADMIN\Documents\GitHub\kasu\dataconnect`: CreateFile c:\Users\ADMIN\Documents\GitHub\kasu\dataconnect: The system cannot find the file specified.
E0227 23:13:56.829217    1444 watch.go:40] Failed to load config from "c:\\Users\\ADMIN\\Documents\\GitHub\\kasu\\dataconnect": could not find dataconnect.yaml in `c:\Users\ADMIN\Documents\GitHub\kasu\dataconnect`
 {"metadata":{"emulator":{"name":"dataconnect"},"message":"E0227 23:13:56.826218    1444 watch.go:116] watchAllDir unable to walk dir `c:\\Users\\ADMIN\\Documents\\GitHub\\kasu\\dataconnect`: CreateFile c:\\Users\\ADMIN\\Documents\\GitHub\\kasu\\dataconnect: The system cannot find the file specified.\nE0227 23:13:56.829217    1444 watch.go:40] Failed to load config from \"c:\\\\Users\\\\ADMIN\\\\Documents\\\\GitHub\\\\kasu\\\\dataconnect\": could not find dataconnect.yaml in `c:\\Users\\ADMIN\\Documents\\GitHub\\kasu\\dataconnect`\n"}}
[debug] [2026-02-27T15:14:06.774Z] E0227 23:14:06.774280    1444 watch.go:40] Failed to load config from "c:\\Users\\ADMIN\\Documents\\GitHub\\kasu\\dataconnect": could not find dataconnect.yaml in `c:\Users\ADMIN\Documents\GitHub\kasu\dataconnect`
 {"metadata":{"emulator":{"name":"dataconnect"},"message":"E0227 23:14:06.774280    1444 watch.go:40] Failed to load config from \"c:\\\\Users\\\\ADMIN\\\\Documents\\\\GitHub\\\\kasu\\\\dataconnect\": could not find dataconnect.yaml in `c:\\Users\\ADMIN\\Documents\\GitHub\\kasu\\dataconnect`\n"}}
[debug] [2026-02-27T15:14:16.775Z] E0227 23:14:16.775223    1444 watch.go:40] Failed to load config from "c:\\Users\\ADMIN\\Documents\\GitHub\\kasu\\dataconnect": could not find dataconnect.yaml in `c:\Users\ADMIN\Documents\GitHub\kasu\dataconnect`
 {"metadata":{"emulator":{"name":"dataconnect"},"message":"E0227 23:14:16.775223    1444 watch.go:40] Failed to load config from \"c:\\\\Users\\\\ADMIN\\\\Documents\\\\GitHub\\\\kasu\\\\dataconnect\": could not find dataconnect.yaml in `c:\\Users\\ADMIN\\Documents\\GitHub\\kasu\\dataconnect`\n"}}
[debug] [2026-02-27T15:14:26.774Z] E0227 23:14:26.774587    1444 watch.go:40] Failed to load config from "c:\\Users\\ADMIN\\Documents\\GitHub\\kasu\\dataconnect": could not find dataconnect.yaml in `c:\Users\ADMIN\Documents\GitHub\kasu\dataconnect`
 {"metadata":{"emulator":{"name":"dataconnect"},"message":"E0227 23:14:26.774587    1444 watch.go:40] Failed to load config from \"c:\\\\Users\\\\ADMIN\\\\Documents\\\\GitHub\\\\kasu\\\\dataconnect\": could not find dataconnect.yaml in `c:\\Users\\ADMIN\\Documents\\GitHub\\kasu\\dataconnect`\n"}}
[debug] [2026-02-27T15:14:36.784Z] E0227 23:14:36.783937    1444 watch.go:40] Failed to load config from "c:\\Users\\ADMIN\\Documents\\GitHub\\kasu\\dataconnect": could not find dataconnect.yaml in `c:\Users\ADMIN\Documents\GitHub\kasu\dataconnect`
 {"metadata":{"emulator":{"name":"dataconnect"},"message":"E0227 23:14:36.783937    1444 watch.go:40] Failed to load config from \"c:\\\\Users\\\\ADMIN\\\\Documents\\\\GitHub\\\\kasu\\\\dataconnect\": could not find dataconnect.yaml in `c:\\Users\\ADMIN\\Documents\\GitHub\\kasu\\dataconnect`\n"}}
[debug] [2026-02-27T15:14:46.776Z] E0227 23:14:46.776083    1444 watch.go:40] Failed to load config from "c:\\Users\\ADMIN\\Documents\\GitHub\\kasu\\dataconnect": could not find dataconnect.yaml in `c:\Users\ADMIN\Documents\GitHub\kasu\dataconnect`
 {"metadata":{"emulator":{"name":"dataconnect"},"message":"E0227 23:14:46.776083    1444 watch.go:40] Failed to load config from \"c:\\\\Users\\\\ADMIN\\\\Documents\\\\GitHub\\\\kasu\\\\dataconnect\": could not find dataconnect.yaml in `c:\\Users\\ADMIN\\Documents\\GitHub\\kasu\\dataconnect`\n"}}
[debug] [2026-02-27T15:14:56.774Z] E0227 23:14:56.774078    1444 watch.go:116] watchAllDir unable to walk dir `c:\Users\ADMIN\Documents\GitHub\kasu\dataconnect`: CreateFile c:\Users\ADMIN\Documents\GitHub\kasu\dataconnect: The system cannot find the file specified.
 {"metadata":{"emulator":{"name":"dataconnect"},"message":"E0227 23:14:56.774078    1444 watch.go:116] watchAllDir unable to walk dir `c:\\Users\\ADMIN\\Documents\\GitHub\\kasu\\dataconnect`: CreateFile c:\\Users\\ADMIN\\Documents\\GitHub\\kasu\\dataconnect: The system cannot find the file specified.\n"}}
[debug] [2026-02-27T15:14:56.775Z] E0227 23:14:56.775213    1444 watch.go:40] Failed to load config from "c:\\Users\\ADMIN\\Documents\\GitHub\\kasu\\dataconnect": could not find dataconnect.yaml in `c:\Users\ADMIN\Documents\GitHub\kasu\dataconnect`
 {"metadata":{"emulator":{"name":"dataconnect"},"message":"E0227 23:14:56.775213    1444 watch.go:40] Failed to load config from \"c:\\\\Users\\\\ADMIN\\\\Documents\\\\GitHub\\\\kasu\\\\dataconnect\": could not find dataconnect.yaml in `c:\\Users\\ADMIN\\Documents\\GitHub\\kasu\\dataconnect`\n"}}
[debug] [2026-02-27T15:15:06.775Z] E0227 23:15:06.775447    1444 watch.go:40] Failed to load config from "c:\\Users\\ADMIN\\Documents\\GitHub\\kasu\\dataconnect": could not find dataconnect.yaml in `c:\Users\ADMIN\Documents\GitHub\kasu\dataconnect`
 {"metadata":{"emulator":{"name":"dataconnect"},"message":"E0227 23:15:06.775447    1444 watch.go:40] Failed to load config from \"c:\\\\Users\\\\ADMIN\\\\Documents\\\\GitHub\\\\kasu\\\\dataconnect\": could not find dataconnect.yaml in `c:\\Users\\ADMIN\\Documents\\GitHub\\kasu\\dataconnect`\n"}}
[debug] [2026-02-27T15:15:16.775Z] E0227 23:15:16.775280    1444 watch.go:40] Failed to load config from "c:\\Users\\ADMIN\\Documents\\GitHub\\kasu\\dataconnect": could not find dataconnect.yaml in `c:\Users\ADMIN\Documents\GitHub\kasu\dataconnect`
 {"metadata":{"emulator":{"name":"dataconnect"},"message":"E0227 23:15:16.775280    1444 watch.go:40] Failed to load config from \"c:\\\\Users\\\\ADMIN\\\\Documents\\\\GitHub\\\\kasu\\\\dataconnect\": could not find dataconnect.yaml in `c:\\Users\\ADMIN\\Documents\\GitHub\\kasu\\dataconnect`\n"}}
[debug] [2026-02-27T15:15:26.775Z] E0227 23:15:26.775635    1444 watch.go:40] Failed to load config from "c:\\Users\\ADMIN\\Documents\\GitHub\\kasu\\dataconnect": could not find dataconnect.yaml in `c:\Users\ADMIN\Documents\GitHub\kasu\dataconnect`
 {"metadata":{"emulator":{"name":"dataconnect"},"message":"E0227 23:15:26.775635    1444 watch.go:40] Failed to load config from \"c:\\\\Users\\\\ADMIN\\\\Documents\\\\GitHub\\\\kasu\\\\dataconnect\": could not find dataconnect.yaml in `c:\\Users\\ADMIN\\Documents\\GitHub\\kasu\\dataconnect`\n"}}
[debug] [2026-02-27T15:15:36.800Z] E0227 23:15:36.799770    1444 watch.go:40] Failed to load config from "c:\\Users\\ADMIN\\Documents\\GitHub\\kasu\\dataconnect": could not find dataconnect.yaml in `c:\Users\ADMIN\Documents\GitHub\kasu\dataconnect`
 {"metadata":{"emulator":{"name":"dataconnect"},"message":"E0227 23:15:36.799770    1444 watch.go:40] Failed to load config from \"c:\\\\Users\\\\ADMIN\\\\Documents\\\\GitHub\\\\kasu\\\\dataconnect\": could not find dataconnect.yaml in `c:\\Users\\ADMIN\\Documents\\GitHub\\kasu\\dataconnect`\n"}}
[debug] [2026-02-27T15:15:46.775Z] E0227 23:15:46.775229    1444 watch.go:40] Failed to load config from "c:\\Users\\ADMIN\\Documents\\GitHub\\kasu\\dataconnect": could not find dataconnect.yaml in `c:\Users\ADMIN\Documents\GitHub\kasu\dataconnect`
 {"metadata":{"emulator":{"name":"dataconnect"},"message":"E0227 23:15:46.775229    1444 watch.go:40] Failed to load config from \"c:\\\\Users\\\\ADMIN\\\\Documents\\\\GitHub\\\\kasu\\\\dataconnect\": could not find dataconnect.yaml in `c:\\Users\\ADMIN\\Documents\\GitHub\\kasu\\dataconnect`\n"}}
[debug] [2026-02-27T15:15:56.784Z] E0227 23:15:56.784833    1444 watch.go:116] watchAllDir unable to walk dir `c:\Users\ADMIN\Documents\GitHub\kasu\dataconnect`: CreateFile c:\Users\ADMIN\Documents\GitHub\kasu\dataconnect: The system cannot find the file specified.
 {"metadata":{"emulator":{"name":"dataconnect"},"message":"E0227 23:15:56.784833    1444 watch.go:116] watchAllDir unable to walk dir `c:\\Users\\ADMIN\\Documents\\GitHub\\kasu\\dataconnect`: CreateFile c:\\Users\\ADMIN\\Documents\\GitHub\\kasu\\dataconnect: The system cannot find the file specified.\n"}}
[debug] [2026-02-27T15:15:56.795Z] E0227 23:15:56.795397    1444 watch.go:40] Failed to load config from "c:\\Users\\ADMIN\\Documents\\GitHub\\kasu\\dataconnect": could not find dataconnect.yaml in `c:\Users\ADMIN\Documents\GitHub\kasu\dataconnect`
 {"metadata":{"emulator":{"name":"dataconnect"},"message":"E0227 23:15:56.795397    1444 watch.go:40] Failed to load config from \"c:\\\\Users\\\\ADMIN\\\\Documents\\\\GitHub\\\\kasu\\\\dataconnect\": could not find dataconnect.yaml in `c:\\Users\\ADMIN\\Documents\\GitHub\\kasu\\dataconnect`\n"}}
[debug] [2026-02-27T15:16:06.783Z] E0227 23:16:06.782933    1444 watch.go:40] Failed to load config from "c:\\Users\\ADMIN\\Documents\\GitHub\\kasu\\dataconnect": could not find dataconnect.yaml in `c:\Users\ADMIN\Documents\GitHub\kasu\dataconnect`
 {"metadata":{"emulator":{"name":"dataconnect"},"message":"E0227 23:16:06.782933    1444 watch.go:40] Failed to load config from \"c:\\\\Users\\\\ADMIN\\\\Documents\\\\GitHub\\\\kasu\\\\dataconnect\": could not find dataconnect.yaml in `c:\\Users\\ADMIN\\Documents\\GitHub\\kasu\\dataconnect`\n"}}
[debug] [2026-02-27T15:16:16.775Z] E0227 23:16:16.775969    1444 watch.go:40] Failed to load config from "c:\\Users\\ADMIN\\Documents\\GitHub\\kasu\\dataconnect": could not find dataconnect.yaml in `c:\Users\ADMIN\Documents\GitHub\kasu\dataconnect`
 {"metadata":{"emulator":{"name":"dataconnect"},"message":"E0227 23:16:16.775969    1444 watch.go:40] Failed to load config from \"c:\\\\Users\\\\ADMIN\\\\Documents\\\\GitHub\\\\kasu\\\\dataconnect\": could not find dataconnect.yaml in `c:\\Users\\ADMIN\\Documents\\GitHub\\kasu\\dataconnect`\n"}}
[debug] [2026-02-27T15:16:26.774Z] E0227 23:16:26.774864    1444 watch.go:40] Failed to load config from "c:\\Users\\ADMIN\\Documents\\GitHub\\kasu\\dataconnect": could not find dataconnect.yaml in `c:\Users\ADMIN\Documents\GitHub\kasu\dataconnect`
 {"metadata":{"emulator":{"name":"dataconnect"},"message":"E0227 23:16:26.774864    1444 watch.go:40] Failed to load config from \"c:\\\\Users\\\\ADMIN\\\\Documents\\\\GitHub\\\\kasu\\\\dataconnect\": could not find dataconnect.yaml in `c:\\Users\\ADMIN\\Documents\\GitHub\\kasu\\dataconnect`\n"}}
[debug] [2026-02-27T15:16:36.805Z] E0227 23:16:36.805660    1444 watch.go:40] Failed to load config from "c:\\Users\\ADMIN\\Documents\\GitHub\\kasu\\dataconnect": could not find dataconnect.yaml in `c:\Users\ADMIN\Documents\GitHub\kasu\dataconnect`
 {"metadata":{"emulator":{"name":"dataconnect"},"message":"E0227 23:16:36.805660    1444 watch.go:40] Failed to load config from \"c:\\\\Users\\\\ADMIN\\\\Documents\\\\GitHub\\\\kasu\\\\dataconnect\": could not find dataconnect.yaml in `c:\\Users\\ADMIN\\Documents\\GitHub\\kasu\\dataconnect`\n"}}
[debug] [2026-02-27T15:16:46.914Z] E0227 23:16:46.902897    1444 watch.go:40] Failed to load config from "c:\\Users\\ADMIN\\Documents\\GitHub\\kasu\\dataconnect": could not find dataconnect.yaml in `c:\Users\ADMIN\Documents\GitHub\kasu\dataconnect`
 {"metadata":{"emulator":{"name":"dataconnect"},"message":"E0227 23:16:46.902897    1444 watch.go:40] Failed to load config from \"c:\\\\Users\\\\ADMIN\\\\Documents\\\\GitHub\\\\kasu\\\\dataconnect\": could not find dataconnect.yaml in `c:\\Users\\ADMIN\\Documents\\GitHub\\kasu\\dataconnect`\n"}}
[debug] [2026-02-27T15:16:56.773Z] E0227 23:16:56.773875    1444 watch.go:116] watchAllDir unable to walk dir `c:\Users\ADMIN\Documents\GitHub\kasu\dataconnect`: CreateFile c:\Users\ADMIN\Documents\GitHub\kasu\dataconnect: The system cannot find the file specified.
 {"metadata":{"emulator":{"name":"dataconnect"},"message":"E0227 23:16:56.773875    1444 watch.go:116] watchAllDir unable to walk dir `c:\\Users\\ADMIN\\Documents\\GitHub\\kasu\\dataconnect`: CreateFile c:\\Users\\ADMIN\\Documents\\GitHub\\kasu\\dataconnect: The system cannot find the file specified.\n"}}
[debug] [2026-02-27T15:16:56.774Z] E0227 23:16:56.773875    1444 watch.go:40] Failed to load config from "c:\\Users\\ADMIN\\Documents\\GitHub\\kasu\\dataconnect": could not find dataconnect.yaml in `c:\Users\ADMIN\Documents\GitHub\kasu\dataconnect`
 {"metadata":{"emulator":{"name":"dataconnect"},"message":"E0227 23:16:56.773875    1444 watch.go:40] Failed to load config from \"c:\\\\Users\\\\ADMIN\\\\Documents\\\\GitHub\\\\kasu\\\\dataconnect\": could not find dataconnect.yaml in `c:\\Users\\ADMIN\\Documents\\GitHub\\kasu\\dataconnect`\n"}}
[debug] [2026-02-27T15:17:06.775Z] E0227 23:17:06.774899    1444 watch.go:40] Failed to load config from "c:\\Users\\ADMIN\\Documents\\GitHub\\kasu\\dataconnect": could not find dataconnect.yaml in `c:\Users\ADMIN\Documents\GitHub\kasu\dataconnect`
 {"metadata":{"emulator":{"name":"dataconnect"},"message":"E0227 23:17:06.774899    1444 watch.go:40] Failed to load config from \"c:\\\\Users\\\\ADMIN\\\\Documents\\\\GitHub\\\\kasu\\\\dataconnect\": could not find dataconnect.yaml in `c:\\Users\\ADMIN\\Documents\\GitHub\\kasu\\dataconnect`\n"}}
[debug] [2026-02-27T15:17:16.774Z] E0227 23:17:16.774677    1444 watch.go:40] Failed to load config from "c:\\Users\\ADMIN\\Documents\\GitHub\\kasu\\dataconnect": could not find dataconnect.yaml in `c:\Users\ADMIN\Documents\GitHub\kasu\dataconnect`
 {"metadata":{"emulator":{"name":"dataconnect"},"message":"E0227 23:17:16.774677    1444 watch.go:40] Failed to load config from \"c:\\\\Users\\\\ADMIN\\\\Documents\\\\GitHub\\\\kasu\\\\dataconnect\": could not find dataconnect.yaml in `c:\\Users\\ADMIN\\Documents\\GitHub\\kasu\\dataconnect`\n"}}
[debug] [2026-02-27T15:17:26.774Z] E0227 23:17:26.774424    1444 watch.go:40] Failed to load config from "c:\\Users\\ADMIN\\Documents\\GitHub\\kasu\\dataconnect": could not find dataconnect.yaml in `c:\Users\ADMIN\Documents\GitHub\kasu\dataconnect`
 {"metadata":{"emulator":{"name":"dataconnect"},"message":"E0227 23:17:26.774424    1444 watch.go:40] Failed to load config from \"c:\\\\Users\\\\ADMIN\\\\Documents\\\\GitHub\\\\kasu\\\\dataconnect\": could not find dataconnect.yaml in `c:\\Users\\ADMIN\\Documents\\GitHub\\kasu\\dataconnect`\n"}}
[debug] [2026-02-27T15:17:36.775Z] E0227 23:17:36.774838    1444 watch.go:40] Failed to load config from "c:\\Users\\ADMIN\\Documents\\GitHub\\kasu\\dataconnect": could not find dataconnect.yaml in `c:\Users\ADMIN\Documents\GitHub\kasu\dataconnect`
 {"metadata":{"emulator":{"name":"dataconnect"},"message":"E0227 23:17:36.774838    1444 watch.go:40] Failed to load config from \"c:\\\\Users\\\\ADMIN\\\\Documents\\\\GitHub\\\\kasu\\\\dataconnect\": could not find dataconnect.yaml in `c:\\Users\\ADMIN\\Documents\\GitHub\\kasu\\dataconnect`\n"}}
